<?xml version="1.0" encoding="UTF-8"?>
<!-- Generated by org.testng.reporters.JUnitReportReporter -->
<testsuite hostname="Gouthams-MacBook-Pro.local" failures="0" tests="1" name="temp.product.cscart.tc.TC_HealthCheck" time="7.835" errors="0" timestamp="2021-10-16T14:04:34 MDT" skipped="0">
  <testcase classname="temp.product.cscart.tc.TC_HealthCheck" name="tc01_cart_search" time="7.835"/>
  <system-out>
    <![CDATA[Search input entered
Able to search : automation practice]]>
  </system-out>
</testsuite> <!-- temp.product.cscart.tc.TC_HealthCheck -->
