<?xml version="1.0" encoding="UTF-8"?>
<!-- Generated by org.testng.reporters.JUnitReportReporter -->
<testsuite hostname="Gouthams-MacBook-Pro.local" failures="0" tests="2" name="temp.product.cscart.tc.GenericClass" time="12.800" errors="0" timestamp="2021-10-16T14:40:38 MDT" skipped="0">
  <testcase classname="temp.product.cscart.tc.GenericClass" name="tc01_cart_search" time="5.474"/>
  <system-out>
    <![CDATA[Search input entered
Able to search : automation practice]]>
  </system-out>
  <testcase classname="temp.product.cscart.tc.GenericClass" name="tc02_autoSignIn" time="7.326"/>
  <system-out>
    <![CDATA[Search input entered
Able to search : automation practice]]>
  </system-out>
</testsuite> <!-- temp.product.cscart.tc.GenericClass -->
